<?xml version="1.0" encoding="UTF-8"?>
<testng-results ignored="0" total="1" passed="1" failed="0" skipped="0">
  <reporter-output>
  </reporter-output>
  <suite started-at="2020-07-21T15:47:53 EDT" name="Default suite" finished-at="2020-07-21T15:48:05 EDT" duration-ms="11739">
    <groups>
    </groups>
    <test started-at="2020-07-21T15:47:53 EDT" name="Default test" finished-at="2020-07-21T15:48:05 EDT" duration-ms="11739">
      <class name="facebook.pages.test.SignupTest">
        <test-method is-config="true" signature="setup()[pri:0, instance:facebook.pages.test.SignupTest@56de5251]" started-at="2020-07-21T15:47:53 EDT" name="setup" finished-at="2020-07-21T15:48:01 EDT" duration-ms="8377" status="PASS">
          <reporter-output>
          </reporter-output>
        </test-method> <!-- setup -->
        <test-method signature="signupdata1()[pri:0, instance:facebook.pages.test.SignupTest@56de5251]" started-at="2020-07-21T15:48:02 EDT" name="signupdata1" finished-at="2020-07-21T15:48:05 EDT" duration-ms="3293" status="PASS">
          <reporter-output>
          </reporter-output>
        </test-method> <!-- signupdata1 -->
      </class> <!-- facebook.pages.test.SignupTest -->
    </test> <!-- Default test -->
  </suite> <!-- Default suite -->
</testng-results>
